2025-05-05 15:41:28 INFO  server.Server - Обработка команды
2025-05-05 15:42:22 INFO  server.Server - Обработка команды
2025-05-05 15:42:25 INFO  server.Server - Обработка команды
2025-05-05 15:42:27 INFO  server.Server - Обработка команды
2025-05-05 15:44:18 INFO  server.Server - Обработка команды
2025-05-05 15:44:20 INFO  server.Server - Обработка команды
2025-05-05 15:44:49 INFO  server.Server - Обработка команды
2025-05-05 15:44:50 INFO  server.Server - Обработка команды
2025-05-05 15:49:02 INFO  server.Server - Начало работы сервера
2025-05-05 15:49:10 INFO  server.Server - Подключился пользователь
2025-05-05 15:49:10 INFO  server.Server - Обработка команды от пользователя
2025-05-05 15:49:11 INFO  server.Server - Отправление ответа пользователю
2025-05-05 15:49:11 INFO  server.Server - Подключился пользователь
2025-05-05 15:49:11 INFO  server.Server - Обработка команды от пользователя
2025-05-05 15:49:12 INFO  server.Server - Отправление ответа пользователю
2025-05-05 15:49:12 INFO  server.Server - Подключился пользователь
2025-05-05 15:49:12 INFO  server.Server - Обработка команды от пользователя
2025-05-05 15:49:14 INFO  server.Server - Отправление ответа пользователю
2025-05-05 15:49:14 INFO  server.Server - Подключился пользователь
2025-05-05 15:49:14 INFO  server.Server - Обработка команды от пользователя
2025-05-05 15:49:27 INFO  server.Server - Ошибка при чтении команды
2025-05-05 15:49:27 INFO  server.Server - Пользователь отключился
2025-05-05 15:49:27 INFO  server.Server - Подключился пользователь
2025-05-05 15:49:27 INFO  server.Server - Обработка команды от пользователя
2025-05-05 15:49:27 INFO  server.Server - Ошибка при чтении команды
2025-05-05 15:49:27 INFO  server.Server - Пользователь отключился
2025-05-05 15:54:05 INFO  server.Server - Начало работы сервера
2025-05-05 15:54:09 INFO  server.Server - Подключился пользователь
2025-05-05 15:54:09 INFO  server.Server - Обработка команды от пользователя
2025-05-05 15:54:11 INFO  server.Server - Отправление ответа пользователю
2025-05-05 15:54:11 INFO  server.Server - Подключился пользователь
2025-05-05 15:54:11 INFO  server.Server - Обработка команды от пользователя
2025-05-05 15:54:12 INFO  server.Server - Отправление ответа пользователю
2025-05-05 15:54:12 INFO  server.Server - Подключился пользователь
2025-05-05 15:54:12 INFO  server.Server - Обработка команды от пользователя
2025-05-05 15:54:48 INFO  server.Server - Конец потока данных
2025-05-05 15:54:48 INFO  server.Server - Пользователь отключился
2025-05-05 15:54:48 INFO  server.Server - Подключился пользователь
2025-05-05 15:54:48 INFO  server.Server - Обработка команды от пользователя
2025-05-05 15:54:48 INFO  server.Server - Отправление ответа пользователю
2025-05-05 15:54:52 INFO  server.Server - Подключился пользователь
2025-05-05 15:54:52 INFO  server.Server - Обработка команды от пользователя
2025-05-05 15:54:53 INFO  server.Server - Отправление ответа пользователю
2025-05-05 15:54:53 INFO  server.Server - Подключился пользователь
2025-05-05 15:54:53 INFO  server.Server - Обработка команды от пользователя
2025-05-05 15:56:41 INFO  server.Server - Конец потока данных
2025-05-05 15:56:41 INFO  server.Server - Пользователь отключился
2025-05-05 15:56:41 INFO  server.Server - Подключился пользователь
2025-05-05 15:56:41 INFO  server.Server - Обработка команды от пользователя
2025-05-05 15:56:41 INFO  server.Server - Пользователь отключился
2025-05-05 15:57:23 INFO  server.Server - Подключился пользователь
2025-05-05 15:57:23 INFO  server.Server - Обработка команды от пользователя
2025-05-05 15:57:24 INFO  server.Server - Отправление ответа пользователю
2025-05-05 15:57:24 INFO  server.Server - Подключился пользователь
2025-05-05 15:57:24 INFO  server.Server - Обработка команды от пользователя
2025-05-05 15:57:48 INFO  server.Server - Конец потока данных
2025-05-05 15:57:48 INFO  server.Server - Отправление ответа пользователю
2025-05-05 15:57:48 INFO  server.Server - Подключился пользователь
2025-05-05 15:57:48 INFO  server.Server - Обработка команды от пользователя
2025-05-05 15:57:48 INFO  server.Server - Конец потока данных
2025-05-05 15:57:48 INFO  server.Server - Отправление ответа пользователю
2025-05-05 15:57:52 INFO  server.Server - Подключился пользователь
2025-05-05 15:57:52 INFO  server.Server - Обработка команды от пользователя
2025-05-05 15:58:27 INFO  server.Server - Конец потока данных
2025-05-05 15:58:27 INFO  server.Server - Пользователь отключился
2025-05-05 15:58:27 INFO  server.Server - Подключился пользователь
2025-05-05 15:58:27 INFO  server.Server - Обработка команды от пользователя
2025-05-05 15:58:27 INFO  server.Server - Конец потока данных
2025-05-05 15:58:27 INFO  server.Server - Отправление ответа пользователю
2025-05-05 15:58:40 INFO  server.Server - Подключился пользователь
2025-05-05 15:58:40 INFO  server.Server - Обработка команды от пользователя
2025-05-05 15:58:41 INFO  server.Server - Отправление ответа пользователю
2025-05-05 15:58:41 INFO  server.Server - Подключился пользователь
2025-05-05 15:58:41 INFO  server.Server - Обработка команды от пользователя
2025-05-05 15:59:14 INFO  server.Server - Конец потока данных
2025-05-05 15:59:14 INFO  server.Server - Отправление ответа пользователю
2025-05-05 15:59:14 INFO  server.Server - Подключился пользователь
2025-05-05 15:59:14 INFO  server.Server - Обработка команды от пользователя
2025-05-05 15:59:14 INFO  server.Server - Отправление ответа пользователю
2025-05-05 15:59:18 INFO  server.Server - Подключился пользователь
2025-05-05 15:59:18 INFO  server.Server - Обработка команды от пользователя
2025-05-05 16:00:51 INFO  server.Server - Конец потока данных
2025-05-05 16:00:51 INFO  server.Server - Пользователь отключился
2025-05-05 16:00:51 INFO  server.Server - Подключился пользователь
2025-05-05 16:00:51 INFO  server.Server - Обработка команды от пользователя
2025-05-05 16:00:51 INFO  server.Server - Конец потока данных
2025-05-05 16:00:51 INFO  server.Server - Отправление ответа пользователю
2025-05-05 16:00:57 INFO  server.Server - Подключился пользователь
2025-05-05 16:00:57 INFO  server.Server - Обработка команды от пользователя
2025-05-05 16:01:08 INFO  server.Server - Конец потока данных
2025-05-05 16:01:08 INFO  server.Server - Пользователь отключился
2025-05-05 16:01:15 INFO  server.Server - Подключился пользователь
2025-05-05 16:01:15 INFO  server.Server - Обработка команды от пользователя
2025-05-05 16:02:17 INFO  server.Server - Конец потока данных
2025-05-05 16:02:17 INFO  server.Server - Пользователь отключился
2025-05-05 16:02:17 INFO  server.Server - Подключился пользователь
2025-05-05 16:02:17 INFO  server.Server - Обработка команды от пользователя
2025-05-05 16:02:17 INFO  server.Server - Конец потока данных
2025-05-05 16:02:17 INFO  server.Server - Отправление ответа пользователю
2025-05-05 16:02:21 INFO  server.Server - Подключился пользователь
2025-05-05 16:02:21 INFO  server.Server - Обработка команды от пользователя
2025-05-05 16:02:56 INFO  server.Server - Конец потока данных
2025-05-05 16:02:56 INFO  server.Server - Пользователь отключился
2025-05-05 16:02:56 INFO  server.Server - Подключился пользователь
2025-05-05 16:02:56 INFO  server.Server - Обработка команды от пользователя
2025-05-05 16:02:56 INFO  server.Server - Отправление ответа пользователю
2025-05-05 16:03:00 INFO  server.Server - Подключился пользователь
2025-05-05 16:03:00 INFO  server.Server - Обработка команды от пользователя
2025-05-05 16:03:08 INFO  server.Server - Отправление ответа пользователю
2025-05-05 16:03:08 INFO  server.Server - Подключился пользователь
2025-05-05 16:03:08 INFO  server.Server - Обработка команды от пользователя
2025-05-05 16:03:09 INFO  server.Server - Отправление ответа пользователю
2025-05-05 16:03:09 INFO  server.Server - Подключился пользователь
2025-05-05 16:03:09 INFO  server.Server - Обработка команды от пользователя
2025-05-05 16:03:11 INFO  server.Server - Отправление ответа пользователю
2025-05-05 16:03:11 INFO  server.Server - Подключился пользователь
2025-05-05 16:03:11 INFO  server.Server - Обработка команды от пользователя
2025-05-05 16:03:45 INFO  server.Server - Начало работы сервера
2025-05-05 16:04:55 INFO  server.Server - Начало работы сервера
2025-05-05 18:04:49 INFO  server.Server - Начало работы сервера
2025-05-05 18:08:10 INFO  server.Server - Начало работы сервера
2025-05-05 18:11:45 INFO  server.Server - Начало работы сервера
2025-05-05 18:12:03 INFO  server.Server - Подключился пользователь
2025-05-05 18:12:03 INFO  server.Server - Обработка команды от пользователя
2025-05-05 18:12:12 INFO  server.Server - Отправление ответа пользователю
2025-05-05 18:12:12 INFO  server.Server - Подключился пользователь
2025-05-05 18:12:12 INFO  server.Server - Обработка команды от пользователя
2025-05-05 18:12:13 INFO  server.Server - Отправление ответа пользователю
2025-05-05 18:12:13 INFO  server.Server - Подключился пользователь
2025-05-05 18:12:13 INFO  server.Server - Обработка команды от пользователя
2025-05-05 18:12:32 INFO  server.Server - Отправление ответа пользователю
2025-05-05 18:12:32 INFO  server.Server - Подключился пользователь
2025-05-05 18:12:32 INFO  server.Server - Обработка команды от пользователя
2025-05-05 18:12:35 INFO  server.Server - Отправление ответа пользователю
2025-05-05 18:12:35 INFO  server.Server - Подключился пользователь
2025-05-05 18:12:35 INFO  server.Server - Обработка команды от пользователя
2025-05-05 18:12:37 INFO  server.Server - Отправление ответа пользователю
2025-05-05 18:12:37 INFO  server.Server - Подключился пользователь
2025-05-05 18:12:37 INFO  server.Server - Обработка команды от пользователя
2025-05-05 18:12:39 INFO  server.Server - Отправление ответа пользователю
2025-05-05 18:12:39 INFO  server.Server - Подключился пользователь
2025-05-05 18:12:39 INFO  server.Server - Обработка команды от пользователя
2025-05-05 18:13:20 INFO  server.Server - Отправление ответа пользователю
2025-05-05 18:13:20 INFO  server.Server - Подключился пользователь
2025-05-05 18:13:20 INFO  server.Server - Обработка команды от пользователя
2025-05-05 18:13:21 INFO  server.Server - Отправление ответа пользователю
2025-05-05 18:13:21 INFO  server.Server - Подключился пользователь
2025-05-05 18:13:21 INFO  server.Server - Обработка команды от пользователя
2025-05-05 18:13:24 INFO  server.Server - Конец потока данных
2025-05-05 18:13:24 INFO  server.Server - Отправление ответа пользователю
2025-05-05 18:13:52 INFO  server.Server - Подключился пользователь
2025-05-05 18:13:52 INFO  server.Server - Обработка команды от пользователя
2025-05-05 18:14:07 INFO  server.Server - Отправление ответа пользователю
2025-05-05 18:14:18 INFO  server.Server - Подключился пользователь
2025-05-05 18:14:18 INFO  server.Server - Обработка команды от пользователя
2025-05-05 18:15:03 INFO  server.Server - Отправление ответа пользователю
2025-05-05 18:15:19 INFO  server.Server - Подключился пользователь
2025-05-05 18:15:19 INFO  server.Server - Обработка команды от пользователя
2025-05-05 18:15:19 INFO  server.Server - Конец потока данных
2025-05-05 18:15:19 INFO  server.Server - Пользователь отключился
2025-05-05 18:15:29 INFO  server.Server - Подключился пользователь
2025-05-05 18:15:29 INFO  server.Server - Обработка команды от пользователя
2025-05-05 18:15:35 INFO  server.Server - Отправление ответа пользователю
2025-05-05 18:15:35 INFO  server.Server - Подключился пользователь
2025-05-05 18:15:35 INFO  server.Server - Обработка команды от пользователя
2025-05-05 18:15:36 INFO  server.Server - Отправление ответа пользователю
2025-05-05 18:15:36 INFO  server.Server - Подключился пользователь
2025-05-05 18:15:36 INFO  server.Server - Обработка команды от пользователя
2025-05-05 18:15:40 INFO  server.Server - Отправление ответа пользователю
2025-05-05 18:15:40 INFO  server.Server - Подключился пользователь
2025-05-05 18:15:40 INFO  server.Server - Обработка команды от пользователя
2025-05-05 18:15:53 INFO  server.Server - Конец потока данных
2025-05-05 18:15:53 INFO  server.Server - Отправление ответа пользователю
2025-05-05 18:15:57 INFO  server.Server - Подключился пользователь
2025-05-05 18:15:57 INFO  server.Server - Обработка команды от пользователя
2025-05-05 18:15:59 INFO  server.Server - Отправление ответа пользователю
2025-05-05 18:15:59 INFO  server.Server - Подключился пользователь
2025-05-05 18:15:59 INFO  server.Server - Обработка команды от пользователя
2025-05-05 18:16:00 INFO  server.Server - Отправление ответа пользователю
2025-05-05 18:16:00 INFO  server.Server - Подключился пользователь
2025-05-05 18:16:00 INFO  server.Server - Обработка команды от пользователя
2025-05-05 18:16:02 INFO  server.Server - Отправление ответа пользователю
2025-05-05 18:16:02 INFO  server.Server - Подключился пользователь
2025-05-05 18:16:02 INFO  server.Server - Обработка команды от пользователя
2025-05-05 18:16:20 INFO  server.Server - Начало работы сервера
2025-05-05 18:16:32 INFO  server.Server - Подключился пользователь
2025-05-05 18:16:32 INFO  server.Server - Обработка команды от пользователя
2025-05-05 18:17:24 INFO  server.Server - Обработка команды от пользователя
2025-05-05 18:18:32 INFO  server.Server - Конец потока данных
2025-05-05 18:18:32 INFO  server.Server - Пользователь отключился
2025-05-05 18:18:32 INFO  server.Server - Подключился пользователь
2025-05-05 18:18:32 INFO  server.Server - Обработка команды от пользователя
2025-05-05 18:18:32 INFO  server.Server - Отправление ответа пользователю
2025-05-05 18:18:32 INFO  server.Server - Подключился пользователь
2025-05-05 18:18:34 INFO  server.Server - Начало работы сервера
2025-05-05 18:18:40 INFO  server.Server - Подключился пользователь
2025-05-05 18:18:40 INFO  server.Server - Обработка команды от пользователя
2025-05-05 18:18:41 INFO  server.Server - Отправление ответа пользователю
2025-05-05 18:18:41 INFO  server.Server - Подключился пользователь
2025-05-05 18:18:41 INFO  server.Server - Обработка команды от пользователя
2025-05-05 18:18:43 INFO  server.Server - Отправление ответа пользователю
2025-05-05 18:18:43 INFO  server.Server - Подключился пользователь
2025-05-05 18:18:43 INFO  server.Server - Обработка команды от пользователя
2025-05-05 18:18:50 INFO  server.Server - Отправление ответа пользователю
2025-05-05 18:18:50 INFO  server.Server - Подключился пользователь
2025-05-05 18:18:50 INFO  server.Server - Обработка команды от пользователя
2025-05-05 18:19:04 INFO  server.Server - Начало работы сервера
2025-05-05 18:19:08 INFO  server.Server - Подключился пользователь
2025-05-05 18:19:08 INFO  server.Server - Обработка команды от пользователя
2025-05-05 18:19:09 INFO  server.Server - Отправление ответа пользователю
2025-05-05 18:19:09 INFO  server.Server - Подключился пользователь
2025-05-05 18:19:09 INFO  server.Server - Обработка команды от пользователя
2025-05-05 18:19:30 INFO  server.Server - Отправление ответа пользователю
2025-05-05 18:19:30 INFO  server.Server - Подключился пользователь
2025-05-05 18:19:30 INFO  server.Server - Обработка команды от пользователя
2025-05-05 18:19:33 INFO  server.Server - Отправление ответа пользователю
2025-05-05 18:19:33 INFO  server.Server - Подключился пользователь
2025-05-05 18:19:33 INFO  server.Server - Обработка команды от пользователя
2025-05-05 18:19:42 INFO  server.Server - Начало работы сервера
2025-05-05 18:19:52 INFO  server.Server - Подключился пользователь
2025-05-05 18:19:52 INFO  server.Server - Обработка команды от пользователя
2025-05-05 18:21:21 INFO  server.Server - Отправление ответа пользователю
2025-05-05 18:21:28 INFO  server.Server - Подключился пользователь
2025-05-05 18:21:41 INFO  server.Server - Обработка команды от пользователя
2025-05-05 18:23:41 INFO  server.Server - Отправление ответа пользователю
2025-05-05 18:23:41 INFO  server.Server - Подключился пользователь
2025-05-05 18:23:41 INFO  server.Server - Обработка команды от пользователя
2025-05-05 18:24:52 INFO  server.Server - Отправление ответа пользователю
2025-05-05 18:24:52 INFO  server.Server - Подключился пользователь
2025-05-05 18:24:52 INFO  server.Server - Обработка команды от пользователя
2025-05-05 18:25:43 INFO  server.Server - Обработка команды от пользователя
2025-05-05 18:26:58 ERROR server.Server - null
2025-05-05 18:26:58 INFO  server.Server - Конец потока данных
2025-05-05 18:26:58 INFO  server.Server - Пользователь отключился
2025-05-05 18:26:58 INFO  server.Server - Подключился пользователь
2025-05-05 18:26:58 INFO  server.Server - Обработка команды от пользователя
2025-05-05 18:26:58 INFO  server.Server - Отправление ответа пользователю
2025-05-05 18:26:58 INFO  server.Server - Подключился пользователь
2025-05-05 18:26:58 INFO  server.Server - Обработка команды от пользователя
2025-05-05 18:26:59 INFO  server.Server - Начало работы сервера
2025-05-05 18:27:13 INFO  server.Server - Подключился пользователь
2025-05-05 18:27:13 INFO  server.Server - Обработка команды от пользователя
2025-05-05 18:27:16 INFO  server.Server - Отправление ответа пользователю
2025-05-05 18:27:16 INFO  server.Server - Подключился пользователь
2025-05-05 18:27:16 INFO  server.Server - Обработка команды от пользователя
2025-05-05 18:27:44 INFO  server.Server - Начало работы сервера
2025-05-05 18:27:47 INFO  server.Server - Подключился пользователь
2025-05-05 18:27:47 INFO  server.Server - Обработка команды от пользователя
2025-05-05 18:27:48 INFO  server.Server - Отправление ответа пользователю
2025-05-05 18:27:48 INFO  server.Server - Подключился пользователь
2025-05-05 18:27:48 INFO  server.Server - Обработка команды от пользователя
2025-05-05 18:27:50 INFO  server.Server - Отправление ответа пользователю
2025-05-05 18:27:50 INFO  server.Server - Подключился пользователь
2025-05-05 18:27:50 INFO  server.Server - Обработка команды от пользователя
2025-05-05 18:27:55 INFO  server.Server - Начало работы сервера
2025-05-05 18:27:59 INFO  server.Server - Подключился пользователь
2025-05-05 18:27:59 INFO  server.Server - Обработка команды от пользователя
2025-05-05 18:31:51 INFO  server.Server - Пользователь отключился
2025-05-05 18:31:52 INFO  server.Server - Подключился пользователь
2025-05-05 18:31:52 INFO  server.Server - Обработка команды от пользователя
2025-05-05 18:31:59 INFO  server.Server - Отправление ответа пользователю
2025-05-05 18:31:59 INFO  server.Server - Подключился пользователь
2025-05-05 18:31:59 INFO  server.Server - Обработка команды от пользователя
2025-05-05 18:32:05 INFO  server.Server - Отправление ответа пользователю
2025-05-05 18:32:05 INFO  server.Server - Подключился пользователь
2025-05-05 18:32:05 INFO  server.Server - Обработка команды от пользователя
2025-05-05 18:32:14 INFO  server.Server - Начало работы сервера
2025-05-05 18:32:20 INFO  server.Server - Подключился пользователь
2025-05-05 18:32:20 INFO  server.Server - Обработка команды от пользователя
2025-05-05 18:32:21 INFO  server.Server - Отправление ответа пользователю
2025-05-05 18:32:21 INFO  server.Server - Подключился пользователь
2025-05-05 18:32:21 INFO  server.Server - Обработка команды от пользователя
2025-05-05 18:32:24 INFO  server.Server - Отправление ответа пользователю
2025-05-05 18:32:24 INFO  server.Server - Подключился пользователь
2025-05-05 18:32:24 INFO  server.Server - Обработка команды от пользователя
2025-05-05 18:32:26 INFO  server.Server - Отправление ответа пользователю
2025-05-05 18:32:26 INFO  server.Server - Подключился пользователь
2025-05-05 18:32:26 INFO  server.Server - Обработка команды от пользователя
2025-05-05 18:32:30 INFO  server.Server - Отправление ответа пользователю
2025-05-05 18:32:30 INFO  server.Server - Подключился пользователь
2025-05-05 18:32:30 INFO  server.Server - Обработка команды от пользователя
2025-05-05 18:32:33 INFO  server.Server - Отправление ответа пользователю
2025-05-05 18:32:33 INFO  server.Server - Подключился пользователь
2025-05-05 18:32:33 INFO  server.Server - Обработка команды от пользователя
2025-05-05 18:32:53 INFO  server.Server - Отправление ответа пользователю
2025-05-05 18:32:53 INFO  server.Server - Подключился пользователь
2025-05-05 18:32:53 INFO  server.Server - Обработка команды от пользователя
2025-05-05 18:33:07 INFO  server.Server - Отправление ответа пользователю
2025-05-05 18:33:07 INFO  server.Server - Подключился пользователь
2025-05-05 18:33:07 INFO  server.Server - Обработка команды от пользователя
2025-05-05 18:33:08 INFO  server.Server - Отправление ответа пользователю
2025-05-05 18:33:08 INFO  server.Server - Подключился пользователь
2025-05-05 18:33:08 INFO  server.Server - Обработка команды от пользователя
2025-05-05 18:33:17 INFO  server.Server - Конец потока данных
2025-05-05 18:33:17 INFO  server.Server - Пользователь отключился
2025-05-05 18:41:43 INFO  server.Server - Подключился пользователь
2025-05-05 18:41:43 INFO  server.Server - Обработка команды от пользователя
2025-05-05 18:41:47 INFO  server.Server - Отправление ответа пользователю
2025-05-05 18:41:47 INFO  server.Server - Подключился пользователь
2025-05-05 18:41:47 INFO  server.Server - Обработка команды от пользователя
2025-05-05 18:41:51 INFO  server.Server - Отправление ответа пользователю
2025-05-05 18:41:51 INFO  server.Server - Подключился пользователь
2025-05-05 18:41:51 INFO  server.Server - Обработка команды от пользователя
2025-05-05 18:42:00 INFO  server.Server - Отправление ответа пользователю
2025-05-05 18:42:00 INFO  server.Server - Подключился пользователь
2025-05-05 18:42:00 INFO  server.Server - Обработка команды от пользователя
2025-05-05 18:42:15 INFO  server.Server - Отправление ответа пользователю
2025-05-05 18:42:15 INFO  server.Server - Подключился пользователь
2025-05-05 18:42:15 INFO  server.Server - Обработка команды от пользователя
2025-05-05 18:42:18 INFO  server.Server - Отправление ответа пользователю
2025-05-05 18:42:18 INFO  server.Server - Подключился пользователь
2025-05-05 18:42:18 INFO  server.Server - Обработка команды от пользователя
2025-05-05 18:50:11 INFO  server.Server - Начало работы сервера
2025-05-05 18:50:26 INFO  server.Server - Подключился пользователь
2025-05-05 18:50:26 INFO  server.Server - Обработка команды от пользователя
2025-05-05 18:50:32 INFO  server.Server - Отправление ответа пользователю
2025-05-05 18:50:32 INFO  server.Server - Подключился пользователь
2025-05-05 18:50:32 INFO  server.Server - Обработка команды от пользователя
2025-05-05 18:50:35 INFO  server.Server - Отправление ответа пользователю
2025-05-05 18:50:35 INFO  server.Server - Подключился пользователь
2025-05-05 18:50:35 INFO  server.Server - Обработка команды от пользователя
2025-05-05 18:50:55 INFO  server.Server - Отправление ответа пользователю
2025-05-05 18:50:55 INFO  server.Server - Подключился пользователь
2025-05-05 18:50:55 INFO  server.Server - Обработка команды от пользователя
2025-05-05 18:51:24 INFO  server.Server - Начало работы сервера
2025-05-05 18:51:28 INFO  server.Server - Подключился пользователь
2025-05-05 18:51:28 INFO  server.Server - Обработка команды от пользователя
2025-05-05 18:51:37 INFO  server.Server - Отправление ответа пользователю
2025-05-05 18:51:37 INFO  server.Server - Подключился пользователь
2025-05-05 18:51:37 INFO  server.Server - Обработка команды от пользователя
2025-05-05 18:51:37 INFO  server.Server - Отправление ответа пользователю
2025-05-05 18:51:37 INFO  server.Server - Подключился пользователь
2025-05-05 18:51:37 INFO  server.Server - Обработка команды от пользователя
2025-05-05 18:59:03 INFO  server.Server - Начало работы сервера
2025-05-05 18:59:08 INFO  server.Server - Подключился пользователь
2025-05-05 18:59:08 INFO  server.Server - Обработка команды от пользователя
2025-05-05 18:59:12 INFO  server.Server - Отправление ответа пользователю
2025-05-05 18:59:12 INFO  server.Server - Подключился пользователь
2025-05-05 18:59:12 INFO  server.Server - Обработка команды от пользователя
2025-05-05 18:59:22 INFO  server.Server - Отправление ответа пользователю
2025-05-05 18:59:22 INFO  server.Server - Подключился пользователь
2025-05-05 18:59:22 INFO  server.Server - Обработка команды от пользователя
2025-05-05 18:59:24 INFO  server.Server - Отправление ответа пользователю
2025-05-05 18:59:24 INFO  server.Server - Подключился пользователь
2025-05-05 18:59:24 INFO  server.Server - Обработка команды от пользователя
2025-05-05 18:59:26 INFO  server.Server - Отправление ответа пользователю
2025-05-05 18:59:26 INFO  server.Server - Подключился пользователь
2025-05-05 18:59:26 INFO  server.Server - Обработка команды от пользователя
2025-05-05 18:59:28 INFO  server.Server - Отправление ответа пользователю
2025-05-05 18:59:28 INFO  server.Server - Подключился пользователь
2025-05-05 18:59:28 INFO  server.Server - Обработка команды от пользователя
2025-05-05 18:59:30 INFO  server.Server - Отправление ответа пользователю
2025-05-05 18:59:30 INFO  server.Server - Подключился пользователь
2025-05-05 18:59:30 INFO  server.Server - Обработка команды от пользователя
2025-05-05 18:59:31 INFO  server.Server - Отправление ответа пользователю
2025-05-05 18:59:31 INFO  server.Server - Подключился пользователь
2025-05-05 18:59:31 INFO  server.Server - Обработка команды от пользователя
2025-05-05 18:59:33 INFO  server.Server - Отправление ответа пользователю
2025-05-05 18:59:33 INFO  server.Server - Подключился пользователь
2025-05-05 18:59:33 INFO  server.Server - Обработка команды от пользователя
2025-05-05 18:59:34 INFO  server.Server - Отправление ответа пользователю
2025-05-05 18:59:34 INFO  server.Server - Подключился пользователь
2025-05-05 18:59:34 INFO  server.Server - Обработка команды от пользователя
2025-05-05 18:59:35 INFO  server.Server - Отправление ответа пользователю
2025-05-05 18:59:35 INFO  server.Server - Подключился пользователь
2025-05-05 18:59:35 INFO  server.Server - Обработка команды от пользователя
2025-05-05 18:59:37 INFO  server.Server - Отправление ответа пользователю
2025-05-05 18:59:37 INFO  server.Server - Подключился пользователь
2025-05-05 18:59:37 INFO  server.Server - Обработка команды от пользователя
2025-05-05 18:59:58 INFO  server.Server - Отправление ответа пользователю
2025-05-05 18:59:58 INFO  server.Server - Подключился пользователь
2025-05-05 18:59:58 INFO  server.Server - Обработка команды от пользователя
2025-05-05 19:00:00 INFO  server.Server - Отправление ответа пользователю
2025-05-05 19:00:00 INFO  server.Server - Подключился пользователь
2025-05-05 19:00:00 INFO  server.Server - Обработка команды от пользователя
2025-05-05 19:00:06 INFO  server.Server - Отправление ответа пользователю
2025-05-05 19:00:06 INFO  server.Server - Подключился пользователь
2025-05-05 19:00:06 INFO  server.Server - Обработка команды от пользователя
2025-05-05 19:07:05 INFO  server.Server - Начало работы сервера
2025-05-05 19:07:11 INFO  server.Server - Подключился пользователь
2025-05-05 19:07:11 INFO  server.Server - Обработка команды от пользователя
2025-05-05 19:07:15 INFO  server.Server - Отправление ответа пользователю
2025-05-05 19:07:15 INFO  server.Server - Подключился пользователь
2025-05-05 19:07:15 INFO  server.Server - Обработка команды от пользователя
2025-05-05 19:07:18 INFO  server.Server - Отправление ответа пользователю
2025-05-05 19:07:18 INFO  server.Server - Подключился пользователь
2025-05-05 19:07:18 INFO  server.Server - Обработка команды от пользователя
2025-05-05 19:07:20 INFO  server.Server - Отправление ответа пользователю
2025-05-05 19:07:20 INFO  server.Server - Подключился пользователь
2025-05-05 19:07:20 INFO  server.Server - Обработка команды от пользователя
2025-05-05 19:07:23 INFO  server.Server - Отправление ответа пользователю
2025-05-05 19:07:23 INFO  server.Server - Подключился пользователь
2025-05-05 19:07:23 INFO  server.Server - Обработка команды от пользователя
2025-05-05 19:07:33 INFO  server.Server - Отправление ответа пользователю
2025-05-05 19:07:33 INFO  server.Server - Подключился пользователь
2025-05-05 19:07:33 INFO  server.Server - Обработка команды от пользователя
2025-05-05 19:07:34 INFO  server.Server - Отправление ответа пользователю
2025-05-05 19:07:34 INFO  server.Server - Подключился пользователь
2025-05-05 19:07:34 INFO  server.Server - Обработка команды от пользователя
2025-05-05 19:07:36 INFO  server.Server - Отправление ответа пользователю
2025-05-05 19:07:36 INFO  server.Server - Подключился пользователь
2025-05-05 19:07:36 INFO  server.Server - Обработка команды от пользователя
2025-05-05 19:07:37 INFO  server.Server - Отправление ответа пользователю
2025-05-05 19:07:37 INFO  server.Server - Подключился пользователь
2025-05-05 19:07:37 INFO  server.Server - Обработка команды от пользователя
2025-05-05 19:07:38 INFO  server.Server - Отправление ответа пользователю
2025-05-05 19:07:38 INFO  server.Server - Подключился пользователь
2025-05-05 19:07:38 INFO  server.Server - Обработка команды от пользователя
2025-05-05 19:07:41 INFO  server.Server - Отправление ответа пользователю
2025-05-05 19:07:41 INFO  server.Server - Подключился пользователь
2025-05-05 19:07:41 INFO  server.Server - Обработка команды от пользователя
2025-05-05 19:07:49 INFO  server.Server - Отправление ответа пользователю
2025-05-05 19:07:49 INFO  server.Server - Подключился пользователь
2025-05-05 19:07:49 INFO  server.Server - Обработка команды от пользователя
2025-05-05 19:13:11 INFO  server.Server - Начало работы сервера
2025-05-05 19:13:15 INFO  server.Server - Подключился пользователь
2025-05-05 19:13:15 INFO  server.Server - Обработка команды от пользователя
2025-05-05 19:13:26 INFO  server.Server - Отправление ответа пользователю
2025-05-05 19:13:26 INFO  server.Server - Подключился пользователь
2025-05-05 19:13:26 INFO  server.Server - Обработка команды от пользователя
2025-05-05 19:13:28 INFO  server.Server - Отправление ответа пользователю
2025-05-05 19:13:28 INFO  server.Server - Подключился пользователь
2025-05-05 19:13:28 INFO  server.Server - Обработка команды от пользователя
2025-05-05 19:13:30 INFO  server.Server - Отправление ответа пользователю
2025-05-05 19:13:30 INFO  server.Server - Подключился пользователь
2025-05-05 19:13:30 INFO  server.Server - Обработка команды от пользователя
2025-05-05 19:13:32 INFO  server.Server - Отправление ответа пользователю
2025-05-05 19:13:32 INFO  server.Server - Подключился пользователь
2025-05-05 19:13:32 INFO  server.Server - Обработка команды от пользователя
2025-05-05 19:13:35 INFO  server.Server - Отправление ответа пользователю
2025-05-05 19:13:35 INFO  server.Server - Подключился пользователь
2025-05-05 19:13:35 INFO  server.Server - Обработка команды от пользователя
2025-05-05 19:17:14 INFO  server.Server - Начало работы сервера
2025-05-05 19:17:18 INFO  server.Server - Подключился пользователь
2025-05-05 19:17:18 INFO  server.Server - Обработка команды от пользователя
2025-05-05 19:17:25 INFO  server.Server - Отправление ответа пользователю
2025-05-05 19:17:25 INFO  server.Server - Подключился пользователь
2025-05-05 19:17:25 INFO  server.Server - Обработка команды от пользователя
2025-05-05 19:17:27 INFO  server.Server - Отправление ответа пользователю
2025-05-05 19:17:27 INFO  server.Server - Подключился пользователь
2025-05-05 19:17:27 INFO  server.Server - Обработка команды от пользователя
2025-05-05 19:17:29 INFO  server.Server - Отправление ответа пользователю
2025-05-05 19:17:29 INFO  server.Server - Подключился пользователь
2025-05-05 19:17:29 INFO  server.Server - Обработка команды от пользователя
2025-05-05 19:17:32 INFO  server.Server - Отправление ответа пользователю
2025-05-05 19:17:32 INFO  server.Server - Подключился пользователь
2025-05-05 19:17:32 INFO  server.Server - Обработка команды от пользователя
2025-05-05 19:17:54 INFO  server.Server - Начало работы сервера
2025-05-05 19:17:58 INFO  server.Server - Подключился пользователь
2025-05-05 19:17:58 INFO  server.Server - Обработка команды от пользователя
2025-05-05 19:18:00 INFO  server.Server - Отправление ответа пользователю
2025-05-05 19:18:00 INFO  server.Server - Подключился пользователь
2025-05-05 19:18:00 INFO  server.Server - Обработка команды от пользователя
2025-05-05 19:18:02 INFO  server.Server - Отправление ответа пользователю
2025-05-05 19:18:02 INFO  server.Server - Подключился пользователь
2025-05-05 19:18:02 INFO  server.Server - Обработка команды от пользователя
2025-05-05 19:18:04 INFO  server.Server - Отправление ответа пользователю
2025-05-05 19:18:04 INFO  server.Server - Подключился пользователь
2025-05-05 19:18:04 INFO  server.Server - Обработка команды от пользователя
2025-05-05 19:18:06 INFO  server.Server - Отправление ответа пользователю
2025-05-05 19:18:06 INFO  server.Server - Подключился пользователь
2025-05-05 19:18:06 INFO  server.Server - Обработка команды от пользователя
2025-05-05 19:18:08 INFO  server.Server - Отправление ответа пользователю
2025-05-05 19:18:08 INFO  server.Server - Подключился пользователь
2025-05-05 19:18:08 INFO  server.Server - Обработка команды от пользователя
2025-05-05 19:18:51 INFO  server.Server - Отправление ответа пользователю
2025-05-05 19:18:51 INFO  server.Server - Подключился пользователь
2025-05-05 19:18:51 INFO  server.Server - Обработка команды от пользователя
2025-05-05 19:18:52 INFO  server.Server - Отправление ответа пользователю
2025-05-05 19:18:52 INFO  server.Server - Подключился пользователь
2025-05-05 19:18:52 INFO  server.Server - Обработка команды от пользователя
2025-05-05 19:18:56 INFO  server.Server - Отправление ответа пользователю
2025-05-05 19:18:56 INFO  server.Server - Подключился пользователь
2025-05-05 19:18:56 INFO  server.Server - Обработка команды от пользователя
2025-05-05 19:19:30 INFO  server.Server - Начало работы сервера
2025-05-05 19:19:35 INFO  server.Server - Подключился пользователь
2025-05-05 19:19:35 INFO  server.Server - Обработка команды от пользователя
2025-05-05 19:19:37 INFO  server.Server - Отправление ответа пользователю
2025-05-05 19:19:37 INFO  server.Server - Подключился пользователь
2025-05-05 19:19:37 INFO  server.Server - Обработка команды от пользователя
2025-05-05 19:19:38 INFO  server.Server - Отправление ответа пользователю
2025-05-05 19:19:38 INFO  server.Server - Подключился пользователь
2025-05-05 19:19:38 INFO  server.Server - Обработка команды от пользователя
2025-05-05 19:19:41 INFO  server.Server - Отправление ответа пользователю
2025-05-05 19:19:41 INFO  server.Server - Подключился пользователь
2025-05-05 19:19:41 INFO  server.Server - Обработка команды от пользователя
2025-05-05 19:19:42 INFO  server.Server - Отправление ответа пользователю
2025-05-05 19:19:42 INFO  server.Server - Подключился пользователь
2025-05-05 19:19:42 INFO  server.Server - Обработка команды от пользователя
2025-05-05 19:19:46 INFO  server.Server - Отправление ответа пользователю
2025-05-05 19:19:46 INFO  server.Server - Подключился пользователь
2025-05-05 19:19:46 INFO  server.Server - Обработка команды от пользователя
2025-05-05 19:19:48 INFO  server.Server - Отправление ответа пользователю
2025-05-05 19:19:48 INFO  server.Server - Подключился пользователь
2025-05-05 19:19:48 INFO  server.Server - Обработка команды от пользователя
2025-05-05 19:21:06 INFO  server.Server - Начало работы сервера
2025-05-05 19:21:10 INFO  server.Server - Подключился пользователь
2025-05-05 19:21:10 INFO  server.Server - Обработка команды от пользователя
2025-05-05 19:21:12 INFO  server.Server - Отправление ответа пользователю
2025-05-05 19:21:12 INFO  server.Server - Подключился пользователь
2025-05-05 19:21:12 INFO  server.Server - Обработка команды от пользователя
2025-05-05 19:21:13 INFO  server.Server - Отправление ответа пользователю
2025-05-05 19:21:13 INFO  server.Server - Подключился пользователь
2025-05-05 19:21:13 INFO  server.Server - Обработка команды от пользователя
2025-05-05 19:21:16 INFO  server.Server - Отправление ответа пользователю
2025-05-05 19:21:16 INFO  server.Server - Подключился пользователь
2025-05-05 19:21:16 INFO  server.Server - Обработка команды от пользователя
2025-05-05 19:21:18 INFO  server.Server - Отправление ответа пользователю
2025-05-05 19:21:18 INFO  server.Server - Подключился пользователь
2025-05-05 19:21:18 INFO  server.Server - Обработка команды от пользователя
2025-05-05 19:21:47 INFO  server.Server - Начало работы сервера
2025-05-05 19:21:52 INFO  server.Server - Подключился пользователь
2025-05-05 19:21:52 INFO  server.Server - Обработка команды от пользователя
2025-05-05 19:21:54 INFO  server.Server - Отправление ответа пользователю
2025-05-05 19:21:54 INFO  server.Server - Подключился пользователь
2025-05-05 19:21:54 INFO  server.Server - Обработка команды от пользователя
2025-05-05 19:21:57 INFO  server.Server - Отправление ответа пользователю
2025-05-05 19:21:57 INFO  server.Server - Подключился пользователь
2025-05-05 19:21:57 INFO  server.Server - Обработка команды от пользователя
2025-05-05 19:21:59 INFO  server.Server - Отправление ответа пользователю
2025-05-05 19:21:59 INFO  server.Server - Подключился пользователь
2025-05-05 19:21:59 INFO  server.Server - Обработка команды от пользователя
2025-05-05 19:22:36 INFO  server.Server - Начало работы сервера
2025-05-05 19:22:41 INFO  server.Server - Подключился пользователь
2025-05-05 19:22:41 INFO  server.Server - Обработка команды от пользователя
2025-05-05 19:22:42 INFO  server.Server - Отправление ответа пользователю
2025-05-05 19:22:42 INFO  server.Server - Подключился пользователь
2025-05-05 19:22:42 INFO  server.Server - Обработка команды от пользователя
2025-05-05 19:22:46 INFO  server.Server - Отправление ответа пользователю
2025-05-05 19:22:46 INFO  server.Server - Подключился пользователь
2025-05-05 19:22:46 INFO  server.Server - Обработка команды от пользователя
2025-05-05 19:22:48 INFO  server.Server - Отправление ответа пользователю
2025-05-05 19:22:48 INFO  server.Server - Подключился пользователь
2025-05-05 19:22:48 INFO  server.Server - Обработка команды от пользователя
2025-05-05 19:22:49 INFO  server.Server - Отправление ответа пользователю
2025-05-05 19:22:49 INFO  server.Server - Подключился пользователь
2025-05-05 19:22:49 INFO  server.Server - Обработка команды от пользователя
2025-05-05 19:23:24 INFO  server.Server - Конец потока данных
2025-05-05 19:23:24 INFO  server.Server - Пользователь отключился
